  Console.cpp
I:\экзаменационная работы\!Травников Иван\код\Console\Console\Console.cpp(13,22): warning C4244: инициализация: преобразование "double" в "float", возможна потеря данных
I:\экзаменационная работы\!Травников Иван\код\Console\Console\Console.cpp(16,15): warning C4244: аргумент: преобразование "time_t" в "unsigned int", возможна потеря данных
I:\экзаменационная работы\!Травников Иван\код\Console\Console\Console.cpp(82,30): warning C4244: -=: преобразование "float" в "int", возможна потеря данных
I:\экзаменационная работы\!Травников Иван\код\Console\Console\Console.cpp(96,29): warning C4244: -=: преобразование "float" в "int", возможна потеря данных
I:\экзаменационная работы\!Травников Иван\код\Console\Console\Console.cpp(97,30): warning C4244: +=: преобразование "float" в "int", возможна потеря данных
I:\экзаменационная работы\!Травников Иван\код\Console\Console\Console.cpp(101,29): warning C4244: +=: преобразование "float" в "int", возможна потеря данных
I:\экзаменационная работы\!Травников Иван\код\Console\Console\Console.cpp(102,30): warning C4244: -=: преобразование "float" в "int", возможна потеря данных
I:\экзаменационная работы\!Травников Иван\код\Console\Console\Console.cpp(114,30): warning C4244: +=: преобразование "float" в "int", возможна потеря данных
I:\экзаменационная работы\!Травников Иван\код\Console\Console\Console.cpp(115,30): warning C4244: +=: преобразование "float" в "int", возможна потеря данных
I:\экзаменационная работы\!Травников Иван\код\Console\Console\Console.cpp(118,30): warning C4244: -=: преобразование "float" в "int", возможна потеря данных
I:\экзаменационная работы\!Травников Иван\код\Console\Console\Console.cpp(119,30): warning C4244: -=: преобразование "float" в "int", возможна потеря данных
I:\экзаменационная работы\!Травников Иван\код\Console\Console\Console.cpp(133,30): warning C4244: -=: преобразование "float" в "int", возможна потеря данных
I:\экзаменационная работы\!Травников Иван\код\Console\Console\Console.cpp(145,30): warning C4244: -=: преобразование "float" в "int", возможна потеря данных
I:\экзаменационная работы\!Травников Иван\код\Console\Console\Console.cpp(146,31): warning C4244: -=: преобразование "float" в "int", возможна потеря данных
I:\экзаменационная работы\!Травников Иван\код\Console\Console\Console.cpp(147,30): warning C4244: -=: преобразование "float" в "int", возможна потеря данных
I:\экзаменационная работы\!Травников Иван\код\Console\Console\Console.cpp(148,29): warning C4244: +=: преобразование "float" в "int", возможна потеря данных
I:\экзаменационная работы\!Травников Иван\код\Console\Console\Console.cpp(151,29): warning C4244: +=: преобразование "float" в "int", возможна потеря данных
I:\экзаменационная работы\!Травников Иван\код\Console\Console\Console.cpp(328,20): warning C4566: символ, представленный универсальным именем символа "\u00B3", невозможно представить в текущей кодовой странице (1251)
I:\экзаменационная работы\!Травников Иван\код\Console\Console\Console.cpp(344,21): warning C4566: символ, представленный универсальным именем символа "\u2011", невозможно представить в текущей кодовой странице (1251)
I:\экзаменационная работы\!Травников Иван\код\Console\Console\Console.cpp(366,17): warning C4566: символ, представленный универсальным именем символа "\u2588", невозможно представить в текущей кодовой странице (1251)
I:\экзаменационная работы\!Травников Иван\код\Console\Console\Console.cpp(375,17): warning C4566: символ, представленный универсальным именем символа "\u2588", невозможно представить в текущей кодовой странице (1251)
I:\экзаменационная работы\!Травников Иван\код\Console\Console\Console.cpp(388,17): warning C4566: символ, представленный универсальным именем символа "\u2588", невозможно представить в текущей кодовой странице (1251)
I:\экзаменационная работы\!Травников Иван\код\Console\Console\Console.cpp(389,17): warning C4566: символ, представленный универсальным именем символа "\u2011", невозможно представить в текущей кодовой странице (1251)
I:\экзаменационная работы\!Травников Иван\код\Console\Console\Console.cpp(390,17): warning C4566: символ, представленный универсальным именем символа "\u2588", невозможно представить в текущей кодовой странице (1251)
I:\экзаменационная работы\!Травников Иван\код\Console\Console\Console.cpp(390,17): warning C4566: символ, представленный универсальным именем символа "\u2011", невозможно представить в текущей кодовой странице (1251)
I:\экзаменационная работы\!Травников Иван\код\Console\Console\Console.cpp(392,17): warning C4566: символ, представленный универсальным именем символа "\u2588", невозможно представить в текущей кодовой странице (1251)
I:\экзаменационная работы\!Травников Иван\код\Console\Console\Console.cpp(393,17): warning C4566: символ, представленный универсальным именем символа "\u2588", невозможно представить в текущей кодовой странице (1251)
I:\экзаменационная работы\!Травников Иван\код\Console\Console\Console.cpp(394,17): warning C4566: символ, представленный универсальным именем символа "\u2011", невозможно представить в текущей кодовой странице (1251)
I:\экзаменационная работы\!Травников Иван\код\Console\Console\Console.cpp(395,17): warning C4566: символ, представленный универсальным именем символа "\u2588", невозможно представить в текущей кодовой странице (1251)
I:\экзаменационная работы\!Травников Иван\код\Console\Console\Console.cpp(396,17): warning C4566: символ, представленный универсальным именем символа "\u2588", невозможно представить в текущей кодовой странице (1251)
I:\экзаменационная работы\!Травников Иван\код\Console\Console\Console.cpp(397,17): warning C4566: символ, представленный универсальным именем символа "\u2588", невозможно представить в текущей кодовой странице (1251)
I:\экзаменационная работы\!Травников Иван\код\Console\Console\Console.cpp(398,17): warning C4566: символ, представленный универсальным именем символа "\u2588", невозможно представить в текущей кодовой странице (1251)
I:\экзаменационная работы\!Травников Иван\код\Console\Console\Console.cpp(401,17): warning C4566: символ, представленный универсальным именем символа "\u2588", невозможно представить в текущей кодовой странице (1251)
I:\экзаменационная работы\!Травников Иван\код\Console\Console\Console.cpp(403,17): warning C4566: символ, представленный универсальным именем символа "\u2588", невозможно представить в текущей кодовой странице (1251)
I:\экзаменационная работы\!Травников Иван\код\Console\Console\Console.cpp(405,17): warning C4566: символ, представленный универсальным именем символа "\u2588", невозможно представить в текущей кодовой странице (1251)
I:\экзаменационная работы\!Травников Иван\код\Console\Console\Console.cpp(456,17): warning C4566: символ, представленный универсальным именем символа "\u00D7", невозможно представить в текущей кодовой странице (1251)
I:\экзаменационная работы\!Травников Иван\код\Console\Console\Console.cpp(456,17): warning C4566: символ, представленный универсальным именем символа "\u2588", невозможно представить в текущей кодовой странице (1251)
I:\экзаменационная работы\!Травников Иван\код\Console\Console\Console.cpp(458,17): warning C4566: символ, представленный универсальным именем символа "\u2588", невозможно представить в текущей кодовой странице (1251)
I:\экзаменационная работы\!Травников Иван\код\Console\Console\Console.cpp(460,17): warning C4566: символ, представленный универсальным именем символа "\u2588", невозможно представить в текущей кодовой странице (1251)
I:\экзаменационная работы\!Травников Иван\код\Console\Console\Console.cpp(462,17): warning C4566: символ, представленный универсальным именем символа "\u2588", невозможно представить в текущей кодовой странице (1251)
I:\экзаменационная работы\!Травников Иван\код\Console\Console\Console.cpp(515,17): warning C4566: символ, представленный универсальным именем символа "\u2588", невозможно представить в текущей кодовой странице (1251)
I:\экзаменационная работы\!Травников Иван\код\Console\Console\Console.cpp(515,17): warning C4566: символ, представленный универсальным именем символа "\u2212", невозможно представить в текущей кодовой странице (1251)
I:\экзаменационная работы\!Травников Иван\код\Console\Console\Console.cpp(517,17): warning C4566: символ, представленный универсальным именем символа "\u2588", невозможно представить в текущей кодовой странице (1251)
I:\экзаменационная работы\!Травников Иван\код\Console\Console\Console.cpp(519,17): warning C4566: символ, представленный универсальным именем символа "\u2588", невозможно представить в текущей кодовой странице (1251)
I:\экзаменационная работы\!Травников Иван\код\Console\Console\Console.cpp(524,17): warning C4566: символ, представленный универсальным именем символа "\u2588", невозможно представить в текущей кодовой странице (1251)
I:\экзаменационная работы\!Травников Иван\код\Console\Console\Console.cpp(525,17): warning C4566: символ, представленный универсальным именем символа "\u2588", невозможно представить в текущей кодовой странице (1251)
I:\экзаменационная работы\!Травников Иван\код\Console\Console\Console.cpp(528,17): warning C4566: символ, представленный универсальным именем символа "\u2588", невозможно представить в текущей кодовой странице (1251)
I:\экзаменационная работы\!Травников Иван\код\Console\Console\Console.cpp(530,17): warning C4566: символ, представленный универсальным именем символа "\u2588", невозможно представить в текущей кодовой странице (1251)
I:\экзаменационная работы\!Травников Иван\код\Console\Console\Console.cpp(532,17): warning C4566: символ, представленный универсальным именем символа "\u2588", невозможно представить в текущей кодовой странице (1251)
I:\экзаменационная работы\!Травников Иван\код\Console\Console\Console.cpp(534,17): warning C4566: символ, представленный универсальным именем символа "\u2588", невозможно представить в текущей кодовой странице (1251)
I:\экзаменационная работы\!Травников Иван\код\Console\Console\Console.cpp(536,17): warning C4566: символ, представленный универсальным именем символа "\u2588", невозможно представить в текущей кодовой странице (1251)
I:\экзаменационная работы\!Травников Иван\код\Console\Console\Console.cpp(539,17): warning C4566: символ, представленный универсальным именем символа "\u2588", невозможно представить в текущей кодовой странице (1251)
I:\экзаменационная работы\!Травников Иван\код\Console\Console\Console.cpp(540,17): warning C4566: символ, представленный универсальным именем символа "\u2588", невозможно представить в текущей кодовой странице (1251)
I:\экзаменационная работы\!Травников Иван\код\Console\Console\Console.cpp(544,17): warning C4566: символ, представленный универсальным именем символа "\u2588", невозможно представить в текущей кодовой странице (1251)
I:\экзаменационная работы\!Травников Иван\код\Console\Console\Console.cpp(549,17): warning C4566: символ, представленный универсальным именем символа "\u2588", невозможно представить в текущей кодовой странице (1251)
I:\экзаменационная работы\!Травников Иван\код\Console\Console\Console.cpp(550,17): warning C4566: символ, представленный универсальным именем символа "\u2588", невозможно представить в текущей кодовой странице (1251)
I:\экзаменационная работы\!Травников Иван\код\Console\Console\Console.cpp(552,17): warning C4566: символ, представленный универсальным именем символа "\u2588", невозможно представить в текущей кодовой странице (1251)
I:\экзаменационная работы\!Травников Иван\код\Console\Console\Console.cpp(587,17): warning C4566: символ, представленный универсальным именем символа "\u2588", невозможно представить в текущей кодовой странице (1251)
I:\экзаменационная работы\!Травников Иван\код\Console\Console\Console.cpp(179,13): warning C4101: not_lv: неиспользованная локальная переменная
  Создание кода
  1 of 220 functions ( 0.5%) were compiled, the rest were copied from previous compilation.
    0 functions were new in current compilation
    0 functions had inline decision re-evaluated but remain unchanged
  Создание кода завершено
  Console.vcxproj -> I:\экзаменационная работы\!Травников Иван\код\Console\x64\Release\Console.exe
