  Console.cpp
C:\Users\Pitbu\source\repos\Console\Console\Console.cpp(116,1): warning C4566: символ, представленный универсальным именем символа "\u2588", невозможно представить в текущей кодовой странице (1251)
C:\Users\Pitbu\source\repos\Console\Console\Console.cpp(117,1): warning C4566: символ, представленный универсальным именем символа "\u2588", невозможно представить в текущей кодовой странице (1251)
C:\Users\Pitbu\source\repos\Console\Console\Console.cpp(118,1): warning C4566: символ, представленный универсальным именем символа "\u2588", невозможно представить в текущей кодовой странице (1251)
C:\Users\Pitbu\source\repos\Console\Console\Console.cpp(119,1): warning C4566: символ, представленный универсальным именем символа "\u2588", невозможно представить в текущей кодовой странице (1251)
C:\Users\Pitbu\source\repos\Console\Console\Console.cpp(120,1): warning C4566: символ, представленный универсальным именем символа "\u2588", невозможно представить в текущей кодовой странице (1251)
C:\Users\Pitbu\source\repos\Console\Console\Console.cpp(121,1): warning C4566: символ, представленный универсальным именем символа "\u2588", невозможно представить в текущей кодовой странице (1251)
C:\Users\Pitbu\source\repos\Console\Console\Console.cpp(122,1): warning C4566: символ, представленный универсальным именем символа "\u2588", невозможно представить в текущей кодовой странице (1251)
C:\Users\Pitbu\source\repos\Console\Console\Console.cpp(123,1): warning C4566: символ, представленный универсальным именем символа "\u2588", невозможно представить в текущей кодовой странице (1251)
C:\Users\Pitbu\source\repos\Console\Console\Console.cpp(124,1): warning C4566: символ, представленный универсальным именем символа "\u2588", невозможно представить в текущей кодовой странице (1251)
C:\Users\Pitbu\source\repos\Console\Console\Console.cpp(151,24): warning C4566: символ, представленный универсальным именем символа "\u00B3", невозможно представить в текущей кодовой странице (1251)
C:\Users\Pitbu\source\repos\Console\Console\Console.cpp(168,25): warning C4566: символ, представленный универсальным именем символа "\u2011", невозможно представить в текущей кодовой странице (1251)
C:\Users\Pitbu\source\repos\Console\Console\Console.cpp(190,21): warning C4566: символ, представленный универсальным именем символа "\u2588", невозможно представить в текущей кодовой странице (1251)
C:\Users\Pitbu\source\repos\Console\Console\Console.cpp(199,21): warning C4566: символ, представленный универсальным именем символа "\u2588", невозможно представить в текущей кодовой странице (1251)
C:\Users\Pitbu\source\repos\Console\Console\Console.cpp(213,21): warning C4566: символ, представленный универсальным именем символа "\u2588", невозможно представить в текущей кодовой странице (1251)
C:\Users\Pitbu\source\repos\Console\Console\Console.cpp(214,21): warning C4566: символ, представленный универсальным именем символа "\u2011", невозможно представить в текущей кодовой странице (1251)
C:\Users\Pitbu\source\repos\Console\Console\Console.cpp(215,21): warning C4566: символ, представленный универсальным именем символа "\u2588", невозможно представить в текущей кодовой странице (1251)
C:\Users\Pitbu\source\repos\Console\Console\Console.cpp(215,21): warning C4566: символ, представленный универсальным именем символа "\u2011", невозможно представить в текущей кодовой странице (1251)
C:\Users\Pitbu\source\repos\Console\Console\Console.cpp(217,21): warning C4566: символ, представленный универсальным именем символа "\u2588", невозможно представить в текущей кодовой странице (1251)
C:\Users\Pitbu\source\repos\Console\Console\Console.cpp(218,21): warning C4566: символ, представленный универсальным именем символа "\u2588", невозможно представить в текущей кодовой странице (1251)
C:\Users\Pitbu\source\repos\Console\Console\Console.cpp(219,21): warning C4566: символ, представленный универсальным именем символа "\u2011", невозможно представить в текущей кодовой странице (1251)
C:\Users\Pitbu\source\repos\Console\Console\Console.cpp(220,21): warning C4566: символ, представленный универсальным именем символа "\u2588", невозможно представить в текущей кодовой странице (1251)
C:\Users\Pitbu\source\repos\Console\Console\Console.cpp(221,21): warning C4566: символ, представленный универсальным именем символа "\u2588", невозможно представить в текущей кодовой странице (1251)
C:\Users\Pitbu\source\repos\Console\Console\Console.cpp(222,21): warning C4566: символ, представленный универсальным именем символа "\u2588", невозможно представить в текущей кодовой странице (1251)
C:\Users\Pitbu\source\repos\Console\Console\Console.cpp(223,21): warning C4566: символ, представленный универсальным именем символа "\u2588", невозможно представить в текущей кодовой странице (1251)
C:\Users\Pitbu\source\repos\Console\Console\Console.cpp(226,21): warning C4566: символ, представленный универсальным именем символа "\u2588", невозможно представить в текущей кодовой странице (1251)
C:\Users\Pitbu\source\repos\Console\Console\Console.cpp(228,21): warning C4566: символ, представленный универсальным именем символа "\u2588", невозможно представить в текущей кодовой странице (1251)
C:\Users\Pitbu\source\repos\Console\Console\Console.cpp(230,21): warning C4566: символ, представленный универсальным именем символа "\u2588", невозможно представить в текущей кодовой странице (1251)
C:\Users\Pitbu\source\repos\Console\Console\Console.cpp(282,21): warning C4566: символ, представленный универсальным именем символа "\u00D7", невозможно представить в текущей кодовой странице (1251)
C:\Users\Pitbu\source\repos\Console\Console\Console.cpp(282,21): warning C4566: символ, представленный универсальным именем символа "\u2588", невозможно представить в текущей кодовой странице (1251)
C:\Users\Pitbu\source\repos\Console\Console\Console.cpp(284,21): warning C4566: символ, представленный универсальным именем символа "\u2588", невозможно представить в текущей кодовой странице (1251)
C:\Users\Pitbu\source\repos\Console\Console\Console.cpp(286,21): warning C4566: символ, представленный универсальным именем символа "\u2588", невозможно представить в текущей кодовой странице (1251)
C:\Users\Pitbu\source\repos\Console\Console\Console.cpp(288,21): warning C4566: символ, представленный универсальным именем символа "\u2588", невозможно представить в текущей кодовой странице (1251)
C:\Users\Pitbu\source\repos\Console\Console\Console.cpp(338,21): warning C4566: символ, представленный универсальным именем символа "\u2588", невозможно представить в текущей кодовой странице (1251)
C:\Users\Pitbu\source\repos\Console\Console\Console.cpp(338,21): warning C4566: символ, представленный универсальным именем символа "\u2212", невозможно представить в текущей кодовой странице (1251)
C:\Users\Pitbu\source\repos\Console\Console\Console.cpp(340,21): warning C4566: символ, представленный универсальным именем символа "\u2588", невозможно представить в текущей кодовой странице (1251)
C:\Users\Pitbu\source\repos\Console\Console\Console.cpp(342,21): warning C4566: символ, представленный универсальным именем символа "\u2588", невозможно представить в текущей кодовой странице (1251)
C:\Users\Pitbu\source\repos\Console\Console\Console.cpp(347,21): warning C4566: символ, представленный универсальным именем символа "\u2588", невозможно представить в текущей кодовой странице (1251)
C:\Users\Pitbu\source\repos\Console\Console\Console.cpp(348,21): warning C4566: символ, представленный универсальным именем символа "\u2588", невозможно представить в текущей кодовой странице (1251)
C:\Users\Pitbu\source\repos\Console\Console\Console.cpp(351,21): warning C4566: символ, представленный универсальным именем символа "\u2588", невозможно представить в текущей кодовой странице (1251)
C:\Users\Pitbu\source\repos\Console\Console\Console.cpp(353,21): warning C4566: символ, представленный универсальным именем символа "\u2588", невозможно представить в текущей кодовой странице (1251)
C:\Users\Pitbu\source\repos\Console\Console\Console.cpp(355,21): warning C4566: символ, представленный универсальным именем символа "\u2588", невозможно представить в текущей кодовой странице (1251)
C:\Users\Pitbu\source\repos\Console\Console\Console.cpp(357,21): warning C4566: символ, представленный универсальным именем символа "\u2588", невозможно представить в текущей кодовой странице (1251)
C:\Users\Pitbu\source\repos\Console\Console\Console.cpp(359,21): warning C4566: символ, представленный универсальным именем символа "\u2588", невозможно представить в текущей кодовой странице (1251)
C:\Users\Pitbu\source\repos\Console\Console\Console.cpp(362,21): warning C4566: символ, представленный универсальным именем символа "\u2588", невозможно представить в текущей кодовой странице (1251)
C:\Users\Pitbu\source\repos\Console\Console\Console.cpp(363,21): warning C4566: символ, представленный универсальным именем символа "\u2588", невозможно представить в текущей кодовой странице (1251)
C:\Users\Pitbu\source\repos\Console\Console\Console.cpp(367,21): warning C4566: символ, представленный универсальным именем символа "\u2588", невозможно представить в текущей кодовой странице (1251)
C:\Users\Pitbu\source\repos\Console\Console\Console.cpp(372,21): warning C4566: символ, представленный универсальным именем символа "\u2588", невозможно представить в текущей кодовой странице (1251)
C:\Users\Pitbu\source\repos\Console\Console\Console.cpp(373,21): warning C4566: символ, представленный универсальным именем символа "\u2588", невозможно представить в текущей кодовой странице (1251)
C:\Users\Pitbu\source\repos\Console\Console\Console.cpp(375,21): warning C4566: символ, представленный универсальным именем символа "\u2588", невозможно представить в текущей кодовой странице (1251)
C:\Users\Pitbu\source\repos\Console\Console\Console.cpp(411,21): warning C4566: символ, представленный универсальным именем символа "\u2588", невозможно представить в текущей кодовой странице (1251)
  Console.vcxproj -> C:\Users\Pitbu\source\repos\Console\x64\Debug\Console.exe
